<?xml version="1.0" encoding="UTF-8"?>
<robot generator="Robot 5.0.1 (Python 3.9.13 on win32)" generated="20220628 19:31:41.366" rpa="false" schemaversion="3">
<suite id="s1" name="Tests" source="D:\Shared\MyFiles\Labs\python\sample_web\tests">
<suite id="s1-s1" name="Gherkin Login" source="D:\Shared\MyFiles\Labs\python\sample_web\tests\gherkin_login.robot">
<test id="s1-s1-t1" name="Valid Login" line="10">
<kw name="Given browser is opened to login page">
<kw name="Open Browser To Login Page" library="resource">
<kw name="Open Browser" library="SeleniumLibrary">
<arg>${LOGIN URL}</arg>
<arg>${BROWSER}</arg>
<doc>Opens a new browser instance to the optional ``url``.</doc>
<msg timestamp="20220628 19:31:41.752" level="INFO">Opening browser 'Chrome' to base url '&lt;a href="http://"&gt;http://&lt;/a&gt;localhost:5000/'.</msg>
<msg timestamp="20220628 19:31:43.784" level="INFO" html="true">&lt;/td&gt;&lt;/tr&gt;&lt;tr&gt;&lt;td colspan="3"&gt;&lt;a href="selenium-screenshot-1.png"&gt;&lt;img src="selenium-screenshot-1.png" width="800px"&gt;&lt;/a&gt;</msg>
<msg timestamp="20220628 19:31:43.785" level="FAIL">InvalidArgumentException: Message: invalid argument
  (Session info: chrome=102.0.5005.115)
Stacktrace:
Backtrace:
	Ordinal0 [0x0066D953+2414931]
	Ordinal0 [0x005FF5E1+1963489]
	Ordinal0 [0x004EC580+836992]
	Ordinal0 [0x004DDBD9+777177]
	Ordinal0 [0x004DC76F+771951]
	Ordinal0 [0x004DCA3D+772669]
	Ordinal0 [0x004EDEA4+843428]
	Ordinal0 [0x00544EBD+1199805]
	Ordinal0 [0x0053449C+1131676]
	Ordinal0 [0x00544812+1198098]
	Ordinal0 [0x005342B6+1131190]
	Ordinal0 [0x0050E860+976992]
	Ordinal0 [0x0050F756+980822]
	GetHandleVerifier [0x008DCC62+2510274]
	GetHandleVerifier [0x008CF760+2455744]
	GetHandleVerifier [0x006FEABA+551962]
	GetHandleVerifier [0x006FD916+547446]
	Ordinal0 [0x00605F3B+1990459]
	Ordinal0 [0x0060A898+2009240]
	Ordinal0 [0x0060A985+2009477]
	Ordinal0 [0x00613AD1+2046673]
	BaseThreadInitThunk [0x75B6FA29+25]
	RtlGetAppContainerNamedObjectPath [0x77087A9E+286]
	RtlGetAppContainerNamedObjectPath [0x77087A6E+238]
</msg>
<status status="FAIL" starttime="20220628 19:31:41.751" endtime="20220628 19:31:43.790"/>
</kw>
<kw name="Maximize Browser Window" library="SeleniumLibrary">
<doc>Maximizes current browser window.</doc>
<status status="NOT RUN" starttime="20220628 19:31:43.790" endtime="20220628 19:31:43.790"/>
</kw>
<kw name="Set Selenium Speed" library="SeleniumLibrary">
<arg>${DELAY}</arg>
<doc>Sets the delay that is waited after each Selenium command.</doc>
<status status="NOT RUN" starttime="20220628 19:31:43.790" endtime="20220628 19:31:43.790"/>
</kw>
<kw name="Login Page Should Be Open" library="resource">
<status status="NOT RUN" starttime="20220628 19:31:43.790" endtime="20220628 19:31:43.790"/>
</kw>
<status status="FAIL" starttime="20220628 19:31:41.751" endtime="20220628 19:31:43.791"/>
</kw>
<status status="FAIL" starttime="20220628 19:31:41.751" endtime="20220628 19:31:43.792"/>
</kw>
<kw name="When user &quot;demo&quot; logs in with password &quot;mode&quot;" sourcename="User &quot;${username}&quot; logs in with password &quot;${password}&quot;">
<status status="NOT RUN" starttime="20220628 19:31:43.792" endtime="20220628 19:31:43.792"/>
</kw>
<kw name="Then welcome page should be open" library="resource">
<status status="NOT RUN" starttime="20220628 19:31:43.793" endtime="20220628 19:31:43.793"/>
</kw>
<kw name="Close Browser" library="SeleniumLibrary" type="TEARDOWN">
<doc>Closes the current browser.</doc>
<status status="PASS" starttime="20220628 19:31:43.794" endtime="20220628 19:31:46.021"/>
</kw>
<status status="FAIL" starttime="20220628 19:31:41.750" endtime="20220628 19:31:46.022">InvalidArgumentException: Message: invalid argument
  (Session info: chrome=102.0.5005.115)
Stacktrace:
Backtrace:
	Ordinal0 [0x0066D953+2414931]
	Ordinal0 [0x005FF5E1+1963489]
	Ordinal0 [0x004EC580+836992]
	Ordinal0 [0x004DDBD9+777177]
	Ordinal0 [0x004DC76F+771951]
	Ordinal0 [0x004DCA3D+772669]
	Ordinal0 [0x004EDEA4+843428]
	Ordinal0 [0x00544EBD+1199805]
	Ordinal0 [0x0053449C+1131676]
	Ordinal0 [0x00544812+1198098]
	Ordinal0 [0x005342B6+1131190]
	Ordinal0 [0x0050E860+976992]
	Ordinal0 [0x0050F756+980822]
	GetHandleVerifier [0x008DCC62+2510274]
	GetHandleVerifier [0x008CF760+2455744]
	GetHandleVerifier [0x006FEABA+551962]
	GetHandleVerifier [0x006FD916+547446]
	Ordinal0 [0x00605F3B+1990459]
	Ordinal0 [0x0060A898+2009240]
	Ordinal0 [0x0060A985+2009477]
	Ordinal0 [0x00613AD1+2046673]
	BaseThreadInitThunk [0x75B6FA29+25]
	RtlGetAppContainerNamedObjectPath [0x77087A9E+286]
	RtlGetAppContainerNamedObjectPath [0x77087A6E+238]
</status>
</test>
<doc>A test suite with a single Gherkin style test.

This test is functionally identical to the example in
valid_login.robot file.</doc>
<status status="FAIL" starttime="20220628 19:31:41.418" endtime="20220628 19:31:46.032"/>
</suite>
<suite id="s1-s2" name="Invalid Login" source="D:\Shared\MyFiles\Labs\python\sample_web\tests\invalid_login.robot">
<kw name="Open Browser To Login Page" library="resource" type="SETUP">
<kw name="Open Browser" library="SeleniumLibrary">
<arg>${LOGIN URL}</arg>
<arg>${BROWSER}</arg>
<doc>Opens a new browser instance to the optional ``url``.</doc>
<msg timestamp="20220628 19:31:46.057" level="INFO">Opening browser 'Chrome' to base url '&lt;a href="http://"&gt;http://&lt;/a&gt;localhost:5000/'.</msg>
<msg timestamp="20220628 19:31:47.980" level="INFO" html="true">&lt;/td&gt;&lt;/tr&gt;&lt;tr&gt;&lt;td colspan="3"&gt;&lt;a href="selenium-screenshot-2.png"&gt;&lt;img src="selenium-screenshot-2.png" width="800px"&gt;&lt;/a&gt;</msg>
<msg timestamp="20220628 19:31:47.981" level="FAIL">InvalidArgumentException: Message: invalid argument
  (Session info: chrome=102.0.5005.115)
Stacktrace:
Backtrace:
	Ordinal0 [0x0066D953+2414931]
	Ordinal0 [0x005FF5E1+1963489]
	Ordinal0 [0x004EC580+836992]
	Ordinal0 [0x004DDBD9+777177]
	Ordinal0 [0x004DC76F+771951]
	Ordinal0 [0x004DCA3D+772669]
	Ordinal0 [0x004EDEA4+843428]
	Ordinal0 [0x00544EBD+1199805]
	Ordinal0 [0x0053449C+1131676]
	Ordinal0 [0x00544812+1198098]
	Ordinal0 [0x005342B6+1131190]
	Ordinal0 [0x0050E860+976992]
	Ordinal0 [0x0050F756+980822]
	GetHandleVerifier [0x008DCC62+2510274]
	GetHandleVerifier [0x008CF760+2455744]
	GetHandleVerifier [0x006FEABA+551962]
	GetHandleVerifier [0x006FD916+547446]
	Ordinal0 [0x00605F3B+1990459]
	Ordinal0 [0x0060A898+2009240]
	Ordinal0 [0x0060A985+2009477]
	Ordinal0 [0x00613AD1+2046673]
	BaseThreadInitThunk [0x75B6FA29+25]
	RtlGetAppContainerNamedObjectPath [0x77087A9E+286]
	RtlGetAppContainerNamedObjectPath [0x77087A6E+238]
</msg>
<status status="FAIL" starttime="20220628 19:31:46.056" endtime="20220628 19:31:47.981"/>
</kw>
<kw name="Maximize Browser Window" library="SeleniumLibrary">
<doc>Maximizes current browser window.</doc>
<status status="NOT RUN" starttime="20220628 19:31:47.982" endtime="20220628 19:31:47.982"/>
</kw>
<kw name="Set Selenium Speed" library="SeleniumLibrary">
<arg>${DELAY}</arg>
<doc>Sets the delay that is waited after each Selenium command.</doc>
<status status="NOT RUN" starttime="20220628 19:31:47.982" endtime="20220628 19:31:47.983"/>
</kw>
<kw name="Login Page Should Be Open" library="resource">
<status status="NOT RUN" starttime="20220628 19:31:47.983" endtime="20220628 19:31:47.983"/>
</kw>
<status status="FAIL" starttime="20220628 19:31:46.056" endtime="20220628 19:31:47.983"/>
</kw>
<test id="s1-s2-t1" name="Invalid Username" line="17">
<status status="FAIL" starttime="20220628 19:31:47.984" endtime="20220628 19:31:47.984">Parent suite setup failed:
InvalidArgumentException: Message: invalid argument
  (Session info: chrome=102.0.5005.115)
Stacktrace:
Backtrace:
	Ordinal0 [0x0066D953+2414931]
	Ordinal0 [0x005FF5E1+1963489]
	Ordinal0 [0x004EC580+836992]
	Ordinal0 [0x004DDBD9+777177]
	Ordinal0 [0x004DC76F+771951]
	Ordinal0 [0x004DCA3D+772669]
	Ordinal0 [0x004EDEA4+843428]
	Ordinal0 [0x00544EBD+1199805]
	Ordinal0 [0x0053449C+1131676]
	Ordinal0 [0x00544812+1198098]
	Ordinal0 [0x005342B6+1131190]
	Ordinal0 [0x0050E860+976992]
	Ordinal0 [0x0050F756+980822]
	GetHandleVerifier [0x008DCC62+2510274]
	GetHandleVerifier [0x008CF760+2455744]
	GetHandleVerifier [0x006FEABA+551962]
	GetHandleVerifier [0x006FD916+547446]
	Ordinal0 [0x00605F3B+1990459]
	Ordinal0 [0x0060A898+2009240]
	Ordinal0 [0x0060A985+2009477]
	Ordinal0 [0x00613AD1+2046673]
	BaseThreadInitThunk [0x75B6FA29+25]
	RtlGetAppContainerNamedObjectPath [0x77087A9E+286]
	RtlGetAppContainerNamedObjectPath [0x77087A6E+238]
</status>
</test>
<test id="s1-s2-t2" name="Invalid Password" line="18">
<status status="FAIL" starttime="20220628 19:31:47.996" endtime="20220628 19:31:47.997">Parent suite setup failed:
InvalidArgumentException: Message: invalid argument
  (Session info: chrome=102.0.5005.115)
Stacktrace:
Backtrace:
	Ordinal0 [0x0066D953+2414931]
	Ordinal0 [0x005FF5E1+1963489]
	Ordinal0 [0x004EC580+836992]
	Ordinal0 [0x004DDBD9+777177]
	Ordinal0 [0x004DC76F+771951]
	Ordinal0 [0x004DCA3D+772669]
	Ordinal0 [0x004EDEA4+843428]
	Ordinal0 [0x00544EBD+1199805]
	Ordinal0 [0x0053449C+1131676]
	Ordinal0 [0x00544812+1198098]
	Ordinal0 [0x005342B6+1131190]
	Ordinal0 [0x0050E860+976992]
	Ordinal0 [0x0050F756+980822]
	GetHandleVerifier [0x008DCC62+2510274]
	GetHandleVerifier [0x008CF760+2455744]
	GetHandleVerifier [0x006FEABA+551962]
	GetHandleVerifier [0x006FD916+547446]
	Ordinal0 [0x00605F3B+1990459]
	Ordinal0 [0x0060A898+2009240]
	Ordinal0 [0x0060A985+2009477]
	Ordinal0 [0x00613AD1+2046673]
	BaseThreadInitThunk [0x75B6FA29+25]
	RtlGetAppContainerNamedObjectPath [0x77087A9E+286]
	RtlGetAppContainerNamedObjectPath [0x77087A6E+238]
</status>
</test>
<test id="s1-s2-t3" name="Invalid Username And Password" line="19">
<status status="FAIL" starttime="20220628 19:31:48.011" endtime="20220628 19:31:48.012">Parent suite setup failed:
InvalidArgumentException: Message: invalid argument
  (Session info: chrome=102.0.5005.115)
Stacktrace:
Backtrace:
	Ordinal0 [0x0066D953+2414931]
	Ordinal0 [0x005FF5E1+1963489]
	Ordinal0 [0x004EC580+836992]
	Ordinal0 [0x004DDBD9+777177]
	Ordinal0 [0x004DC76F+771951]
	Ordinal0 [0x004DCA3D+772669]
	Ordinal0 [0x004EDEA4+843428]
	Ordinal0 [0x00544EBD+1199805]
	Ordinal0 [0x0053449C+1131676]
	Ordinal0 [0x00544812+1198098]
	Ordinal0 [0x005342B6+1131190]
	Ordinal0 [0x0050E860+976992]
	Ordinal0 [0x0050F756+980822]
	GetHandleVerifier [0x008DCC62+2510274]
	GetHandleVerifier [0x008CF760+2455744]
	GetHandleVerifier [0x006FEABA+551962]
	GetHandleVerifier [0x006FD916+547446]
	Ordinal0 [0x00605F3B+1990459]
	Ordinal0 [0x0060A898+2009240]
	Ordinal0 [0x0060A985+2009477]
	Ordinal0 [0x00613AD1+2046673]
	BaseThreadInitThunk [0x75B6FA29+25]
	RtlGetAppContainerNamedObjectPath [0x77087A9E+286]
	RtlGetAppContainerNamedObjectPath [0x77087A6E+238]
</status>
</test>
<test id="s1-s2-t4" name="Empty Username" line="20">
<status status="FAIL" starttime="20220628 19:31:48.025" endtime="20220628 19:31:48.026">Parent suite setup failed:
InvalidArgumentException: Message: invalid argument
  (Session info: chrome=102.0.5005.115)
Stacktrace:
Backtrace:
	Ordinal0 [0x0066D953+2414931]
	Ordinal0 [0x005FF5E1+1963489]
	Ordinal0 [0x004EC580+836992]
	Ordinal0 [0x004DDBD9+777177]
	Ordinal0 [0x004DC76F+771951]
	Ordinal0 [0x004DCA3D+772669]
	Ordinal0 [0x004EDEA4+843428]
	Ordinal0 [0x00544EBD+1199805]
	Ordinal0 [0x0053449C+1131676]
	Ordinal0 [0x00544812+1198098]
	Ordinal0 [0x005342B6+1131190]
	Ordinal0 [0x0050E860+976992]
	Ordinal0 [0x0050F756+980822]
	GetHandleVerifier [0x008DCC62+2510274]
	GetHandleVerifier [0x008CF760+2455744]
	GetHandleVerifier [0x006FEABA+551962]
	GetHandleVerifier [0x006FD916+547446]
	Ordinal0 [0x00605F3B+1990459]
	Ordinal0 [0x0060A898+2009240]
	Ordinal0 [0x0060A985+2009477]
	Ordinal0 [0x00613AD1+2046673]
	BaseThreadInitThunk [0x75B6FA29+25]
	RtlGetAppContainerNamedObjectPath [0x77087A9E+286]
	RtlGetAppContainerNamedObjectPath [0x77087A6E+238]
</status>
</test>
<test id="s1-s2-t5" name="Empty Password" line="21">
<status status="FAIL" starttime="20220628 19:31:48.042" endtime="20220628 19:31:48.044">Parent suite setup failed:
InvalidArgumentException: Message: invalid argument
  (Session info: chrome=102.0.5005.115)
Stacktrace:
Backtrace:
	Ordinal0 [0x0066D953+2414931]
	Ordinal0 [0x005FF5E1+1963489]
	Ordinal0 [0x004EC580+836992]
	Ordinal0 [0x004DDBD9+777177]
	Ordinal0 [0x004DC76F+771951]
	Ordinal0 [0x004DCA3D+772669]
	Ordinal0 [0x004EDEA4+843428]
	Ordinal0 [0x00544EBD+1199805]
	Ordinal0 [0x0053449C+1131676]
	Ordinal0 [0x00544812+1198098]
	Ordinal0 [0x005342B6+1131190]
	Ordinal0 [0x0050E860+976992]
	Ordinal0 [0x0050F756+980822]
	GetHandleVerifier [0x008DCC62+2510274]
	GetHandleVerifier [0x008CF760+2455744]
	GetHandleVerifier [0x006FEABA+551962]
	GetHandleVerifier [0x006FD916+547446]
	Ordinal0 [0x00605F3B+1990459]
	Ordinal0 [0x0060A898+2009240]
	Ordinal0 [0x0060A985+2009477]
	Ordinal0 [0x00613AD1+2046673]
	BaseThreadInitThunk [0x75B6FA29+25]
	RtlGetAppContainerNamedObjectPath [0x77087A9E+286]
	RtlGetAppContainerNamedObjectPath [0x77087A6E+238]
</status>
</test>
<test id="s1-s2-t6" name="Empty Username And Password" line="22">
<status status="FAIL" starttime="20220628 19:31:48.064" endtime="20220628 19:31:48.065">Parent suite setup failed:
InvalidArgumentException: Message: invalid argument
  (Session info: chrome=102.0.5005.115)
Stacktrace:
Backtrace:
	Ordinal0 [0x0066D953+2414931]
	Ordinal0 [0x005FF5E1+1963489]
	Ordinal0 [0x004EC580+836992]
	Ordinal0 [0x004DDBD9+777177]
	Ordinal0 [0x004DC76F+771951]
	Ordinal0 [0x004DCA3D+772669]
	Ordinal0 [0x004EDEA4+843428]
	Ordinal0 [0x00544EBD+1199805]
	Ordinal0 [0x0053449C+1131676]
	Ordinal0 [0x00544812+1198098]
	Ordinal0 [0x005342B6+1131190]
	Ordinal0 [0x0050E860+976992]
	Ordinal0 [0x0050F756+980822]
	GetHandleVerifier [0x008DCC62+2510274]
	GetHandleVerifier [0x008CF760+2455744]
	GetHandleVerifier [0x006FEABA+551962]
	GetHandleVerifier [0x006FD916+547446]
	Ordinal0 [0x00605F3B+1990459]
	Ordinal0 [0x0060A898+2009240]
	Ordinal0 [0x0060A985+2009477]
	Ordinal0 [0x00613AD1+2046673]
	BaseThreadInitThunk [0x75B6FA29+25]
	RtlGetAppContainerNamedObjectPath [0x77087A9E+286]
	RtlGetAppContainerNamedObjectPath [0x77087A6E+238]
</status>
</test>
<kw name="Close Browser" library="SeleniumLibrary" type="TEARDOWN">
<doc>Closes the current browser.</doc>
<status status="PASS" starttime="20220628 19:31:48.104" endtime="20220628 19:31:50.335"/>
</kw>
<doc>A test suite containing tests related to invalid login.

These tests are data-driven by their nature. They use a single
keyword, specified with Test Template setting, that is called
with different arguments to cover different scenarios.

This suite also demonstrates using setups and teardowns in
different levels.</doc>
<status status="FAIL" starttime="20220628 19:31:46.037" endtime="20220628 19:31:50.335">Suite setup failed:
InvalidArgumentException: Message: invalid argument
  (Session info: chrome=102.0.5005.115)
Stacktrace:
Backtrace:
	Ordinal0 [0x0066D953+2414931]
	Ordinal0 [0x005FF5E1+1963489]
	Ordinal0 [0x004EC580+836992]
	Ordinal0 [0x004DDBD9+777177]
	Ordinal0 [0x004DC76F+771951]
	Ordinal0 [0x004DCA3D+772669]
	Ordinal0 [0x004EDEA4+843428]
	Ordinal0 [0x00544EBD+1199805]
	Ordinal0 [0x0053449C+1131676]
	Ordinal0 [0x00544812+1198098]
	Ordinal0 [0x005342B6+1131190]
	Ordinal0 [0x0050E860+976992]
	Ordinal0 [0x0050F756+980822]
	GetHandleVerifier [0x008DCC62+2510274]
	GetHandleVerifier [0x008CF760+2455744]
	GetHandleVerifier [0x006FEABA+551962]
	GetHandleVerifier [0x006FD916+547446]
	Ordinal0 [0x00605F3B+1990459]
	Ordinal0 [0x0060A898+2009240]
	Ordinal0 [0x0060A985+2009477]
	Ordinal0 [0x00613AD1+2046673]
	BaseThreadInitThunk [0x75B6FA29+25]
	RtlGetAppContainerNamedObjectPath [0x77087A9E+286]
	RtlGetAppContainerNamedObjectPath [0x77087A6E+238]
</status>
</suite>
<suite id="s1-s3" name="Valid Login" source="D:\Shared\MyFiles\Labs\python\sample_web\tests\valid_login.robot">
<test id="s1-s3-t1" name="Valid Login" line="9">
<kw name="Open Browser To Login Page" library="resource">
<kw name="Open Browser" library="SeleniumLibrary">
<arg>${LOGIN URL}</arg>
<arg>${BROWSER}</arg>
<doc>Opens a new browser instance to the optional ``url``.</doc>
<msg timestamp="20220628 19:31:50.361" level="INFO">Opening browser 'Chrome' to base url '&lt;a href="http://"&gt;http://&lt;/a&gt;localhost:5000/'.</msg>
<msg timestamp="20220628 19:31:52.208" level="INFO" html="true">&lt;/td&gt;&lt;/tr&gt;&lt;tr&gt;&lt;td colspan="3"&gt;&lt;a href="selenium-screenshot-3.png"&gt;&lt;img src="selenium-screenshot-3.png" width="800px"&gt;&lt;/a&gt;</msg>
<msg timestamp="20220628 19:31:52.210" level="FAIL">InvalidArgumentException: Message: invalid argument
  (Session info: chrome=102.0.5005.115)
Stacktrace:
Backtrace:
	Ordinal0 [0x0066D953+2414931]
	Ordinal0 [0x005FF5E1+1963489]
	Ordinal0 [0x004EC580+836992]
	Ordinal0 [0x004DDBD9+777177]
	Ordinal0 [0x004DC76F+771951]
	Ordinal0 [0x004DCA3D+772669]
	Ordinal0 [0x004EDEA4+843428]
	Ordinal0 [0x00544EBD+1199805]
	Ordinal0 [0x0053449C+1131676]
	Ordinal0 [0x00544812+1198098]
	Ordinal0 [0x005342B6+1131190]
	Ordinal0 [0x0050E860+976992]
	Ordinal0 [0x0050F756+980822]
	GetHandleVerifier [0x008DCC62+2510274]
	GetHandleVerifier [0x008CF760+2455744]
	GetHandleVerifier [0x006FEABA+551962]
	GetHandleVerifier [0x006FD916+547446]
	Ordinal0 [0x00605F3B+1990459]
	Ordinal0 [0x0060A898+2009240]
	Ordinal0 [0x0060A985+2009477]
	Ordinal0 [0x00613AD1+2046673]
	BaseThreadInitThunk [0x75B6FA29+25]
	RtlGetAppContainerNamedObjectPath [0x77087A9E+286]
	RtlGetAppContainerNamedObjectPath [0x77087A6E+238]
</msg>
<status status="FAIL" starttime="20220628 19:31:50.361" endtime="20220628 19:31:52.210"/>
</kw>
<kw name="Maximize Browser Window" library="SeleniumLibrary">
<doc>Maximizes current browser window.</doc>
<status status="NOT RUN" starttime="20220628 19:31:52.211" endtime="20220628 19:31:52.211"/>
</kw>
<kw name="Set Selenium Speed" library="SeleniumLibrary">
<arg>${DELAY}</arg>
<doc>Sets the delay that is waited after each Selenium command.</doc>
<status status="NOT RUN" starttime="20220628 19:31:52.211" endtime="20220628 19:31:52.211"/>
</kw>
<kw name="Login Page Should Be Open" library="resource">
<status status="NOT RUN" starttime="20220628 19:31:52.211" endtime="20220628 19:31:52.211"/>
</kw>
<status status="FAIL" starttime="20220628 19:31:50.361" endtime="20220628 19:31:52.211"/>
</kw>
<kw name="Input Username" library="resource">
<arg>demo</arg>
<status status="NOT RUN" starttime="20220628 19:31:52.212" endtime="20220628 19:31:52.212"/>
</kw>
<kw name="Input Password" library="resource">
<arg>mode</arg>
<status status="NOT RUN" starttime="20220628 19:31:52.213" endtime="20220628 19:31:52.213"/>
</kw>
<kw name="Submit Credentials" library="resource">
<status status="NOT RUN" starttime="20220628 19:31:52.214" endtime="20220628 19:31:52.214"/>
</kw>
<kw name="Welcome Page Should Be Open" library="resource">
<status status="NOT RUN" starttime="20220628 19:31:52.214" endtime="20220628 19:31:52.214"/>
</kw>
<kw name="Close Browser" library="SeleniumLibrary" type="TEARDOWN">
<doc>Closes the current browser.</doc>
<status status="PASS" starttime="20220628 19:31:52.215" endtime="20220628 19:31:54.405"/>
</kw>
<status status="FAIL" starttime="20220628 19:31:50.360" endtime="20220628 19:31:54.406">InvalidArgumentException: Message: invalid argument
  (Session info: chrome=102.0.5005.115)
Stacktrace:
Backtrace:
	Ordinal0 [0x0066D953+2414931]
	Ordinal0 [0x005FF5E1+1963489]
	Ordinal0 [0x004EC580+836992]
	Ordinal0 [0x004DDBD9+777177]
	Ordinal0 [0x004DC76F+771951]
	Ordinal0 [0x004DCA3D+772669]
	Ordinal0 [0x004EDEA4+843428]
	Ordinal0 [0x00544EBD+1199805]
	Ordinal0 [0x0053449C+1131676]
	Ordinal0 [0x00544812+1198098]
	Ordinal0 [0x005342B6+1131190]
	Ordinal0 [0x0050E860+976992]
	Ordinal0 [0x0050F756+980822]
	GetHandleVerifier [0x008DCC62+2510274]
	GetHandleVerifier [0x008CF760+2455744]
	GetHandleVerifier [0x006FEABA+551962]
	GetHandleVerifier [0x006FD916+547446]
	Ordinal0 [0x00605F3B+1990459]
	Ordinal0 [0x0060A898+2009240]
	Ordinal0 [0x0060A985+2009477]
	Ordinal0 [0x00613AD1+2046673]
	BaseThreadInitThunk [0x75B6FA29+25]
	RtlGetAppContainerNamedObjectPath [0x77087A9E+286]
	RtlGetAppContainerNamedObjectPath [0x77087A6E+238]
</status>
</test>
<doc>A test suite with a single test for valid login.

This test has a workflow that is created using keywords in
the imported resource file.</doc>
<status status="FAIL" starttime="20220628 19:31:50.354" endtime="20220628 19:31:54.418"/>
</suite>
<status status="FAIL" starttime="20220628 19:31:41.370" endtime="20220628 19:31:54.427"/>
</suite>
<statistics>
<total>
<stat pass="0" fail="8" skip="0">All Tests</stat>
</total>
<tag>
</tag>
<suite>
<stat pass="0" fail="8" skip="0" id="s1" name="Tests">Tests</stat>
<stat pass="0" fail="1" skip="0" id="s1-s1" name="Gherkin Login">Tests.Gherkin Login</stat>
<stat pass="0" fail="6" skip="0" id="s1-s2" name="Invalid Login">Tests.Invalid Login</stat>
<stat pass="0" fail="1" skip="0" id="s1-s3" name="Valid Login">Tests.Valid Login</stat>
</suite>
</statistics>
<errors>
</errors>
</robot>
